<?xml version="1.0" encoding="UTF-8"?>
<testsuite xmlns:xsi="http://www.w3.org/2001/XMLSchema-instance" xsi:noNamespaceSchemaLocation="https://maven.apache.org/surefire/maven-surefire-plugin/xsd/surefire-test-report.xsd" name="com.api.RestAssuredTest" time="4.067" tests="3" errors="0" skipped="0" failures="0">
  <properties>
[...]
</properties>
  <testcase name="testAddOperation" classname="com.api.RestAssuredTest" time="3.947"/>
  <testcase name="testSubtractOperation" classname="com.api.RestAssuredTest" time="0.054"/>
  <testcase name="testDivisiontOperation" classname="com.api.RestAssuredTest" time="0.054"/>
</testsuite>